<?xml version="1.0" encoding="UTF-8"?>
<testng-results ignored="0" total="6" passed="6" failed="0" skipped="0">
  <reporter-output>
  </reporter-output>
  <suite started-at="2025-09-25T05:56:04Z" name="Surefire suite" finished-at="2025-09-25T05:57:40Z" duration-ms="96332">
    <groups>
      <group name="cucumber">
        <method signature="AbstractTestNGCucumberTests.runScenario(io.cucumber.testng.PickleWrapper, io.cucumber.testng.FeatureWrapper)[pri:0, instance:testNGRunnerFolder.TestNGRunner@710726a3]" name="runScenario" class="io.cucumber.testng.AbstractTestNGCucumberTests"/>
      </group> <!-- cucumber -->
    </groups>
    <test started-at="2025-09-25T05:56:04Z" name="Surefire test" finished-at="2025-09-25T05:57:40Z" duration-ms="96332">
      <class name="testNGRunnerFolder.TestNGRunner">
        <test-method is-config="true" signature="setUpClass()[pri:0, instance:testNGRunnerFolder.TestNGRunner@710726a3]" started-at="2025-09-25T05:56:04Z" name="setUpClass" finished-at="2025-09-25T05:56:05Z" duration-ms="1340" status="PASS">
          <reporter-output>
          </reporter-output>
        </test-method> <!-- setUpClass -->
        <test-method signature="runScenario(io.cucumber.testng.PickleWrapper, io.cucumber.testng.FeatureWrapper)[pri:0, instance:testNGRunnerFolder.TestNGRunner@710726a3]" started-at="2025-09-25T05:56:05Z" name="runScenario" description="Runs Cucumber Scenarios" data-provider="scenarios" finished-at="2025-09-25T05:56:29Z" duration-ms="23205" status="PASS">
          <params>
            <param index="0">
              <value>
                <![CDATA["View cart contents"]]>
              </value>
            </param>
            <param index="1">
              <value>
                <![CDATA["Optional[Cart Page functionality]"]]>
              </value>
            </param>
          </params>
          <reporter-output>
          </reporter-output>
        </test-method> <!-- runScenario -->
        <test-method signature="runScenario(io.cucumber.testng.PickleWrapper, io.cucumber.testng.FeatureWrapper)[pri:0, instance:testNGRunnerFolder.TestNGRunner@710726a3]" started-at="2025-09-25T05:56:29Z" name="runScenario" description="Runs Cucumber Scenarios" data-provider="scenarios" finished-at="2025-09-25T05:56:35Z" duration-ms="6615" status="PASS">
          <params>
            <param index="0">
              <value>
                <![CDATA["Verify home page loads successfully"]]>
              </value>
            </param>
            <param index="1">
              <value>
                <![CDATA["Optional[Home Page functionality]"]]>
              </value>
            </param>
          </params>
          <reporter-output>
          </reporter-output>
        </test-method> <!-- runScenario -->
        <test-method signature="runScenario(io.cucumber.testng.PickleWrapper, io.cucumber.testng.FeatureWrapper)[pri:0, instance:testNGRunnerFolder.TestNGRunner@710726a3]" started-at="2025-09-25T05:56:35Z" name="runScenario" description="Runs Cucumber Scenarios" data-provider="scenarios" finished-at="2025-09-25T05:56:43Z" duration-ms="7741" status="PASS">
          <params>
            <param index="0">
              <value>
                <![CDATA["Login with incorrect credentials"]]>
              </value>
            </param>
            <param index="1">
              <value>
                <![CDATA["Optional[Login page feature]"]]>
              </value>
            </param>
          </params>
          <reporter-output>
          </reporter-output>
        </test-method> <!-- runScenario -->
        <test-method signature="runScenario(io.cucumber.testng.PickleWrapper, io.cucumber.testng.FeatureWrapper)[pri:0, instance:testNGRunnerFolder.TestNGRunner@710726a3]" started-at="2025-09-25T05:56:43Z" name="runScenario" description="Runs Cucumber Scenarios" data-provider="scenarios" finished-at="2025-09-25T05:56:53Z" duration-ms="9680" status="PASS">
          <params>
            <param index="0">
              <value>
                <![CDATA["Login with correct credentials"]]>
              </value>
            </param>
            <param index="1">
              <value>
                <![CDATA["Optional[Login page feature]"]]>
              </value>
            </param>
          </params>
          <reporter-output>
          </reporter-output>
        </test-method> <!-- runScenario -->
        <test-method signature="runScenario(io.cucumber.testng.PickleWrapper, io.cucumber.testng.FeatureWrapper)[pri:0, instance:testNGRunnerFolder.TestNGRunner@710726a3]" started-at="2025-09-25T05:56:53Z" name="runScenario" description="Runs Cucumber Scenarios" data-provider="scenarios" finished-at="2025-09-25T05:57:19Z" duration-ms="26181" status="PASS">
          <params>
            <param index="0">
              <value>
                <![CDATA["Enter payment details and confirm order"]]>
              </value>
            </param>
            <param index="1">
              <value>
                <![CDATA["Optional[Payment process]"]]>
              </value>
            </param>
          </params>
          <reporter-output>
          </reporter-output>
        </test-method> <!-- runScenario -->
        <test-method signature="runScenario(io.cucumber.testng.PickleWrapper, io.cucumber.testng.FeatureWrapper)[pri:0, instance:testNGRunnerFolder.TestNGRunner@710726a3]" started-at="2025-09-25T05:57:19Z" name="runScenario" description="Runs Cucumber Scenarios" data-provider="scenarios" finished-at="2025-09-25T05:57:35Z" duration-ms="15949" status="PASS">
          <params>
            <param index="0">
              <value>
                <![CDATA["Add a single product to cart"]]>
              </value>
            </param>
            <param index="1">
              <value>
                <![CDATA["Optional[Add product to cart]"]]>
              </value>
            </param>
          </params>
          <reporter-output>
          </reporter-output>
        </test-method> <!-- runScenario -->
        <test-method is-config="true" signature="tearDownClass()[pri:0, instance:testNGRunnerFolder.TestNGRunner@710726a3]" started-at="2025-09-25T05:57:35Z" name="tearDownClass" finished-at="2025-09-25T05:57:40Z" duration-ms="5569" status="PASS">
          <reporter-output>
          </reporter-output>
        </test-method> <!-- tearDownClass -->
      </class> <!-- testNGRunnerFolder.TestNGRunner -->
    </test> <!-- Surefire test -->
  </suite> <!-- Surefire suite -->
</testng-results>
